yarn run v1.22.19
$ storybook build --output-dir /var/folders/08/tg_m_q2n25358t103mcc7qn00000gn/T/chromatic--41930-GeEwdjhVMD7W
@storybook/cli v7.5.3

info => Cleaning outputDir: /var/folders/08/tg_m_q2n25358t103mcc7qn00000gn/T/chromatic--41930-GeEwdjhVMD7W
info => Loading presets
info => Building manager..
info => Manager built (92 ms)
info => Building preview..
info => Copying static files: /Users/gabe/code/storybook/taskbox/node_modules/@storybook/manager/static at /var/folders/08/tg_m_q2n25358t103mcc7qn00000gn/T/chromatic--41930-GeEwdjhVMD7W/sb-common-assets
vite v4.5.0 building for production...
info => Copying static files: /Users/gabe/code/storybook/taskbox/public at /var/folders/08/tg_m_q2n25358t103mcc7qn00000gn/T/chromatic--41930-GeEwdjhVMD7W/

./sb-common-assets/fonts.css doesn't exist at build time, it will remain unchanged to be resolved at runtime
transforming...
node_modules/telejson/dist/index.mjs (1413:15) Use of eval in "node_modules/telejson/dist/index.mjs" is strongly discouraged as it poses security risks and may cause issues with minification.
node_modules/telejson/dist/index.mjs (1416:18) Use of eval in "node_modules/telejson/dist/index.mjs" is strongly discouraged as it poses security risks and may cause issues with minification.
✓ 1697 modules transformed.
rendering chunks...
warnings when minifying css:
▲ [WARNING] Unexpected "vertical-align" [css-syntax-error]

    <stdin>:36:3:
      36 │   *vertical-align: middle;
         ╵    ~~~~~~~~~~~~~~


▲ [WARNING] Unexpected "overflow" [css-syntax-error]

    <stdin>:38:3:
      38 │   *overflow: visible;
         ╵    ~~~~~~~~


computing gzip size...
../../../../../var/folders/08/tg_m_q2n25358t103mcc7qn00000gn/T/chromatic--41930-GeEwdjhVMD7W/iframe.html                                     12.54 kB │ gzip:   3.56 kB
../../../../../var/folders/08/tg_m_q2n25358t103mcc7qn00000gn/T/chromatic--41930-GeEwdjhVMD7W/assets/percolate-dac75269.ttf                   34.04 kB
../../../../../var/folders/08/tg_m_q2n25358t103mcc7qn00000gn/T/chromatic--41930-GeEwdjhVMD7W/assets/percolate-ec979d96.woff                  34.11 kB
../../../../../var/folders/08/tg_m_q2n25358t103mcc7qn00000gn/T/chromatic--41930-GeEwdjhVMD7W/assets/percolate-5ed633c2.eot                   34.21 kB
../../../../../var/folders/08/tg_m_q2n25358t103mcc7qn00000gn/T/chromatic--41930-GeEwdjhVMD7W/assets/percolate-d13fa91b.svg                  140.51 kB │ gzip:  47.50 kB
../../../../../var/folders/08/tg_m_q2n25358t103mcc7qn00000gn/T/chromatic--41930-GeEwdjhVMD7W/assets/preview-4c64bd25.css                      6.88 kB │ gzip:   2.07 kB
../../../../../var/folders/08/tg_m_q2n25358t103mcc7qn00000gn/T/chromatic--41930-GeEwdjhVMD7W/assets/_commonjs-dynamic-modules-302442b1.js     0.30 kB │ gzip:   0.24 kB │ map:     0.12 kB
../../../../../var/folders/08/tg_m_q2n25358t103mcc7qn00000gn/T/chromatic--41930-GeEwdjhVMD7W/assets/WithTooltip-4HIR6TLV-75cfca47.js          0.49 kB │ gzip:   0.30 kB │ map:     0.11 kB
../../../../../var/folders/08/tg_m_q2n25358t103mcc7qn00000gn/T/chromatic--41930-GeEwdjhVMD7W/assets/syntaxhighlighter-NMPM6SWI-1dafb2c4.js    0.51 kB │ gzip:   0.33 kB │ map:     0.12 kB
../../../../../var/folders/08/tg_m_q2n25358t103mcc7qn00000gn/T/chromatic--41930-GeEwdjhVMD7W/assets/preview-91cb4b8f.js                       0.56 kB │ gzip:   0.35 kB │ map:     0.54 kB
../../../../../var/folders/08/tg_m_q2n25358t103mcc7qn00000gn/T/chromatic--41930-GeEwdjhVMD7W/assets/index-3fd0d1ea.js                         0.62 kB │ gzip:   0.38 kB │ map:     4.28 kB
../../../../../var/folders/08/tg_m_q2n25358t103mcc7qn00000gn/T/chromatic--41930-GeEwdjhVMD7W/assets/preview-87eac49b.js                       0.68 kB │ gzip:   0.48 kB │ map:     3.90 kB
../../../../../var/folders/08/tg_m_q2n25358t103mcc7qn00000gn/T/chromatic--41930-GeEwdjhVMD7W/assets/_commonjsHelpers-de833af9.js              0.75 kB │ gzip:   0.43 kB │ map:     0.11 kB
../../../../../var/folders/08/tg_m_q2n25358t103mcc7qn00000gn/T/chromatic--41930-GeEwdjhVMD7W/assets/index-356e4a49.js                         0.81 kB │ gzip:   0.51 kB │ map:     3.26 kB
../../../../../var/folders/08/tg_m_q2n25358t103mcc7qn00000gn/T/chromatic--41930-GeEwdjhVMD7W/assets/index-8d47fad6.js                         0.84 kB │ gzip:   0.55 kB │ map:     4.09 kB
../../../../../var/folders/08/tg_m_q2n25358t103mcc7qn00000gn/T/chromatic--41930-GeEwdjhVMD7W/assets/preview-b3c37142.js                       0.90 kB │ gzip:   0.59 kB │ map:     2.97 kB
../../../../../var/folders/08/tg_m_q2n25358t103mcc7qn00000gn/T/chromatic--41930-GeEwdjhVMD7W/assets/preview-dab8d674.js                       1.06 kB │ gzip:   0.69 kB │ map:     3.27 kB
../../../../../var/folders/08/tg_m_q2n25358t103mcc7qn00000gn/T/chromatic--41930-GeEwdjhVMD7W/assets/preview-bed967c6.js                       2.38 kB │ gzip:   1.24 kB │ map:    11.12 kB
../../../../../var/folders/08/tg_m_q2n25358t103mcc7qn00000gn/T/chromatic--41930-GeEwdjhVMD7W/assets/index-d37d4223.js                         2.63 kB │ gzip:   1.30 kB │ map:     7.48 kB
../../../../../var/folders/08/tg_m_q2n25358t103mcc7qn00000gn/T/chromatic--41930-GeEwdjhVMD7W/assets/preview-108c1c3c.js                       3.26 kB │ gzip:   1.41 kB │ map:    10.27 kB
../../../../../var/folders/08/tg_m_q2n25358t103mcc7qn00000gn/T/chromatic--41930-GeEwdjhVMD7W/assets/Task.stories-6a95d6f3.js                  3.71 kB │ gzip:   1.58 kB │ map:     5.05 kB
../../../../../var/folders/08/tg_m_q2n25358t103mcc7qn00000gn/T/chromatic--41930-GeEwdjhVMD7W/assets/iframe-7715231f.js                        4.58 kB │ gzip:   1.67 kB │ map:     5.42 kB
../../../../../var/folders/08/tg_m_q2n25358t103mcc7qn00000gn/T/chromatic--41930-GeEwdjhVMD7W/assets/index-76fb7be0.js                         7.21 kB │ gzip:   2.95 kB │ map:    15.71 kB
../../../../../var/folders/08/tg_m_q2n25358t103mcc7qn00000gn/T/chromatic--41930-GeEwdjhVMD7W/assets/preview-b8d6c68d.js                       7.67 kB │ gzip:   1.59 kB │ map:    14.22 kB
../../../../../var/folders/08/tg_m_q2n25358t103mcc7qn00000gn/T/chromatic--41930-GeEwdjhVMD7W/assets/preview-2059b184.js                       8.32 kB │ gzip:   3.20 kB │ map:    29.42 kB
../../../../../var/folders/08/tg_m_q2n25358t103mcc7qn00000gn/T/chromatic--41930-GeEwdjhVMD7W/assets/index-f05162e9.js                        10.06 kB │ gzip:   3.64 kB │ map:    26.86 kB
../../../../../var/folders/08/tg_m_q2n25358t103mcc7qn00000gn/T/chromatic--41930-GeEwdjhVMD7W/assets/preview-47b91f5d.js                      11.13 kB │ gzip:   3.76 kB │ map:    41.90 kB
../../../../../var/folders/08/tg_m_q2n25358t103mcc7qn00000gn/T/chromatic--41930-GeEwdjhVMD7W/assets/index-da07a199.js                        13.66 kB │ gzip:   5.12 kB │ map:    53.11 kB
../../../../../var/folders/08/tg_m_q2n25358t103mcc7qn00000gn/T/chromatic--41930-GeEwdjhVMD7W/assets/Color-6VNJS4EI-c131e954.js               17.68 kB │ gzip:   6.79 kB │ map:    59.62 kB
../../../../../var/folders/08/tg_m_q2n25358t103mcc7qn00000gn/T/chromatic--41930-GeEwdjhVMD7W/assets/preview-636747d9.js                      34.24 kB │ gzip:  13.39 kB │ map:   127.53 kB
../../../../../var/folders/08/tg_m_q2n25358t103mcc7qn00000gn/T/chromatic--41930-GeEwdjhVMD7W/assets/TaskList.stories-6a52ea84.js             40.32 kB │ gzip:  13.95 kB │ map:   238.97 kB
../../../../../var/folders/08/tg_m_q2n25358t103mcc7qn00000gn/T/chromatic--41930-GeEwdjhVMD7W/assets/_getPrototype-e1e43787.js                79.01 kB │ gzip:  23.72 kB │ map:   326.47 kB
../../../../../var/folders/08/tg_m_q2n25358t103mcc7qn00000gn/T/chromatic--41930-GeEwdjhVMD7W/assets/index-d3ea75b5.js                       134.11 kB │ gzip:  43.23 kB │ map:   328.84 kB
../../../../../var/folders/08/tg_m_q2n25358t103mcc7qn00000gn/T/chromatic--41930-GeEwdjhVMD7W/assets/config-e12572bb.js                      213.48 kB │ gzip:  66.39 kB │ map:   803.27 kB
../../../../../var/folders/08/tg_m_q2n25358t103mcc7qn00000gn/T/chromatic--41930-GeEwdjhVMD7W/assets/InboxScreen.stories-e397e208.js         258.10 kB │ gzip:  60.67 kB │ map:   922.90 kB
../../../../../var/folders/08/tg_m_q2n25358t103mcc7qn00000gn/T/chromatic--41930-GeEwdjhVMD7W/assets/index-86005177.js                       372.12 kB │ gzip: 113.92 kB │ map: 1,559.90 kB
../../../../../var/folders/08/tg_m_q2n25358t103mcc7qn00000gn/T/chromatic--41930-GeEwdjhVMD7W/assets/DocsRenderer-NNNQARDV-fb685ccf.js       534.98 kB │ gzip: 174.76 kB │ map: 1,550.71 kB
../../../../../var/folders/08/tg_m_q2n25358t103mcc7qn00000gn/T/chromatic--41930-GeEwdjhVMD7W/assets/axe-ace75cbe.js                         554.63 kB │ gzip: 151.94 kB │ map: 1,993.94 kB
../../../../../var/folders/08/tg_m_q2n25358t103mcc7qn00000gn/T/chromatic--41930-GeEwdjhVMD7W/assets/formatter-SWP5E3XI-3acb7b63.js          601.69 kB │ gzip: 185.06 kB │ map: 1,318.59 kB

(!) Some chunks are larger than 500 kBs after minification. Consider:
- Using dynamic import() to code-split the application
- Use build.rollupOptions.output.manualChunks to improve chunking: https://rollupjs.org/configuration-options/#output-manualchunks
- Adjust chunk size limit for this warning via build.chunkSizeWarningLimit.
✓ built in 7.53s
info => Preview built (7.96 s)
info => Output directory: /var/folders/08/tg_m_q2n25358t103mcc7qn00000gn/T/chromatic--41930-GeEwdjhVMD7W

attention => Storybook now collects completely anonymous telemetry regarding usage.
This information is used to shape Storybook's roadmap and prioritize features.
You can learn more, including how to opt-out if you'd not like to participate in this anonymous program, by visiting the following URL:
https://storybook.js.org/telemetry

Done in 10.14s.
